[debug] [2018-05-16T06:59:52.220Z] ----------------------------------------------------------------------
[debug] [2018-05-16T06:59:52.222Z] Command:       C:\Program Files\nodejs\node.exe C:\Users\richie\AppData\Roaming\npm\node_modules\firebase-tools\bin\firebase deploy
[debug] [2018-05-16T06:59:52.222Z] CLI Version:   3.18.4
[debug] [2018-05-16T06:59:52.222Z] Platform:      win32
[debug] [2018-05-16T06:59:52.222Z] Node Version:  v8.11.1
[debug] [2018-05-16T06:59:52.223Z] Time:          Wed May 16 2018 16:59:52 GMT+1000 (AUS Eastern Standard Time)
[debug] [2018-05-16T06:59:52.223Z] ----------------------------------------------------------------------
[debug] 
[debug] [2018-05-16T06:59:52.238Z] > command requires scopes: ["email","openid","https://www.googleapis.com/auth/cloudplatformprojects.readonly","https://www.googleapis.com/auth/firebase","https://www.googleapis.com/auth/cloud-platform"]
[debug] [2018-05-16T06:59:52.238Z] > authorizing via signed-in user
[debug] [2018-05-16T06:59:52.239Z] > refreshing access token with scopes: ["email","https://www.googleapis.com/auth/cloud-platform","https://www.googleapis.com/auth/cloudplatformprojects.readonly","https://www.googleapis.com/auth/firebase","openid"]
[debug] [2018-05-16T06:59:52.239Z] >>> HTTP REQUEST POST https://www.googleapis.com/oauth2/v3/token  
 { refresh_token: '1/f8ZtLpDV7Ui1-furhE1G46A3y87UXq9xDAibteQewDE',
  client_id: '563584335869-fgrhgmd47bqnekij5i8b5pr03ho849e6.apps.googleusercontent.com',
  client_secret: 'j9iVZfS8kkCEFUPaAeJV0sAi',
  grant_type: 'refresh_token',
  scope: 'email https://www.googleapis.com/auth/cloud-platform https://www.googleapis.com/auth/cloudplatformprojects.readonly https://www.googleapis.com/auth/firebase openid' } 
 Wed May 16 2018 16:59:52 GMT+1000 (AUS Eastern Standard Time)
[debug] [2018-05-16T06:59:53.924Z] <<< HTTP RESPONSE 200
[debug] [2018-05-16T06:59:53.962Z] >>> HTTP REQUEST GET https://admin.firebase.com/v1/projects/art-tracker-app  
  
 Wed May 16 2018 16:59:53 GMT+1000 (AUS Eastern Standard Time)
[debug] [2018-05-16T06:59:55.956Z] <<< HTTP RESPONSE 200
[debug] [2018-05-16T06:59:55.957Z] >>> HTTP REQUEST GET https://admin.firebase.com/v1/database/art-tracker-app/tokens  
  
 Wed May 16 2018 16:59:55 GMT+1000 (AUS Eastern Standard Time)
[debug] [2018-05-16T06:59:56.904Z] <<< HTTP RESPONSE 200
[info] 
[info] === Deploying to 'art-tracker-app'...
[info] 
[info] i  deploying database, hosting
[info] i  database: checking rules syntax...
[debug] [2018-05-16T06:59:58.507Z] >>> HTTP REQUEST PUT https://art-tracker-app.firebaseio.com/.settings/rules.json?dryRun=true  
 {
  "rules": {
    "users": {
      "$uid": {
        ".read": "$uid === auth.uid",
        ".write": "$uid === auth.uid"
      }
    },
    "schedule": {
      "$uid": {
        ".read": "$uid === auth.uid",
        ".write": "$uid === auth.uid",
        ".indexOn": [
          "timestamp"
        ]
      }
    },
    "meals": {
      "$uid": {
        ".read": "$uid === auth.uid",
        ".write": "$uid === auth.uid"
      }
    },
    "artworks": {
      "$uid": {
        ".read": "$uid === auth.uid",
        ".write": "$uid === auth.uid"
      }
    }
  }
}
 
 Wed May 16 2018 16:59:58 GMT+1000 (AUS Eastern Standard Time)
[debug] [2018-05-16T07:00:00.286Z] <<< HTTP RESPONSE 200
[info] +  database: rules syntax for database art-tracker-app is valid
[info] i  hosting: preparing  directory for upload...
[debug] [2018-05-16T07:00:01.147Z] >>> HTTP REQUEST PUT https://deploy.firebase.com/v1/hosting/art-tracker-app/uploads/-LCbjtzJlmk1OniA5YtT?fileCount=409&message=  
  
 Wed May 16 2018 17:00:01 GMT+1000 (AUS Eastern Standard Time)
